{"name": "test_authorizationError", "status": "failed", "statusDetails": {"message": "AssertionError: assert 'Loogin' == ''\n  \n  + Loogin", "trace": "browser = <selenium.webdriver.chrome.webdriver.WebDriver (session=\"193046aad2c6bbc8ae02a9dac16baa2f\")>\n\n    @allure.feature('Registration')\n    @allure.story('Registartion to the system')\n    def test_authorizationError(browser):\n        with allure.step('Open browser'):\n            authorization_page = AuthorizationPage(browser)\n        with allure.step('Open browser'):\n            authorization_page.open()\n        with allure.step('Check the text'):\n>           assert \"Loogin\" == authorization_page.login_button().text\nE           AssertionError: assert 'Loogin' == ''\nE             \nE             + Loogin\n\ntests\\test_authorization.py:33: AssertionError"}, "steps": [{"name": "Open browser", "status": "passed", "start": 1713458916781, "stop": 1713458916781}, {"name": "Open browser", "status": "passed", "start": 1713458916781, "stop": 1713458917072}, {"name": "Check the text", "status": "failed", "statusDetails": {"message": "AssertionError: assert 'Loogin' == ''\n  \n  + Loogin\n", "trace": "  File \"C:\\Users\\KakimovaA\\PycharmProjects\\test\\tests\\test_authorization.py\", line 33, in test_authorizationError\n    assert \"Loogin\" == authorization_page.login_button().text\n"}, "start": 1713458917073, "stop": 1713458917701}], "start": 1713458916781, "stop": 1713458917701, "uuid": "ece68dae-d443-4cad-86d6-f37ce0605749", "historyId": "341ec5cc1773cbcb03661d582397730c", "testCaseId": "341ec5cc1773cbcb03661d582397730c", "fullName": "tests.test_authorization#test_authorizationError", "labels": [{"name": "story", "value": "Registartion to the system"}, {"name": "feature", "value": "Registration"}, {"name": "parentSuite", "value": "tests"}, {"name": "suite", "value": "test_authorization"}, {"name": "host", "value": "601-01SSD"}, {"name": "thread", "value": "8160-MainThread"}, {"name": "framework", "value": "pytest"}, {"name": "language", "value": "cpython3"}, {"name": "package", "value": "tests.test_authorization"}]}